2025-02-27 16:34:26 WhatsApp API returned status code 210. Skipping retry and continuing...
2025-02-27 16:34:24 Windows: Found 'Singing' with channel 'Elizabeth Rose Bloodflame'
Live Status: 
Upcoming Status: Starts 2/28/2025 (5:00 PM)

2025-02-27 16:34:24 WhatsApp API returned status code 210. Skipping retry and continuing...
2025-02-27 16:34:23 Windows: Found 'Singing' with channel 'Elizabeth Rose Bloodflame'
Live Status: 
Upcoming Status: Starts in 9 hours (Fri 2:00 AM)

2025-02-27 16:34:23 WhatsApp API returned status code 210. Skipping retry and continuing...
2025-02-27 16:34:22 Windows: Found 'Singing' with channel 'Omaru Polka'
Live Status: Live Now
Upcoming Status: 

2025-02-27 16:34:16 checkHolodex restarting
2025-02-27 16:34:00 Console window hidden
2025-02-27 16:33:31 WhatsApp API returned status code 210. Skipping retry and continuing...
2025-02-27 16:33:30 Windows: Found 'Singing' with channel 'Elizabeth Rose Bloodflame'
Live Status: 
Upcoming Status: Starts 2/28/2025 (5:00 PM)

2025-02-27 16:33:30 WhatsApp API returned status code 210. Skipping retry and continuing...
2025-02-27 16:33:29 Windows: Found 'Singing' with channel 'Elizabeth Rose Bloodflame'
Live Status: 
Upcoming Status: Starts in 9 hours (Fri 2:00 AM)

2025-02-27 16:33:29 WhatsApp API returned status code 210. Skipping retry and continuing...
2025-02-27 16:33:27 Windows: Found 'Singing' with channel 'Omaru Polka'
Live Status: Live Now
Upcoming Status: 

2025-02-27 15:49:54 WhatsApp API returned status code 210. Skipping retry and continuing...
2025-02-27 15:49:53 Windows: Found 'Singing' with channel 'Elizabeth Rose Bloodflame'
Live Status: 
Upcoming Status: Starts 2/28/2025 (5:00 PM)

2025-02-27 15:49:53 WhatsApp API returned status code 210. Skipping retry and continuing...
2025-02-27 15:49:51 Windows: Found 'Singing' with channel 'Elizabeth Rose Bloodflame'
Live Status: 
Upcoming Status: Starts in 10 hours (Fri 2:00 AM)

2025-02-27 15:49:51 WhatsApp API returned status code 210. Skipping retry and continuing...
2025-02-27 15:49:50 Windows: Found 'Singing' with channel 'Koganei Niko'
Live Status: 
Upcoming Status: Starts in 5 hours (8:30 PM)

2025-02-27 15:49:50 WhatsApp API returned status code 210. Skipping retry and continuing...
2025-02-27 15:49:48 Windows: Found 'Singing' with channel 'Omaru Polka'
Live Status: Live Now
Upcoming Status: 

