nohup: ignoring input
2025/01/20 21:00:23 Attempt 1 failed: websocket url timeout reached. Retrying in 10s...
2025/01/21 00:53:52 Attempt 2 failed: chrome failed to start:
. Retrying in 10s...
panic: close of closed channel

goroutine 19 [running]:
github.com/chromedp/chromedp.(*ExecAllocator).Allocate.func2()
	/home/kube/go/pkg/mod/github.com/chromedp/chromedp@v0.10.0/allocate.go:236 +0xd6
created by github.com/chromedp/chromedp.(*ExecAllocator).Allocate in goroutine 1
	/home/kube/go/pkg/mod/github.com/chromedp/chromedp@v0.10.0/allocate.go:217 +0xd07
2025/01/21 11:46:21 Attempt 1 failed: failed to send message, status code: 400. Retrying in 10s...
2025/01/21 11:46:31 Attempt 2 failed: failed to send message, status code: 400. Retrying in 10s...
2025/01/21 11:46:42 Attempt 3 failed: failed to send message, status code: 400. Retrying in 10s...
2025/01/21 11:46:52 Attempt 4 failed: failed to send message, status code: 400. Retrying in 10s...
2025/01/21 11:47:02 Attempt 5 failed: failed to send message, status code: 400. Retrying in 10s...
2025/01/21 11:47:12 Attempt 6 failed: failed to send message, status code: 400. Retrying in 10s...
2025/01/21 11:47:22 Attempt 7 failed: failed to send message, status code: 400. Retrying in 10s...
2025/01/21 11:47:32 Attempt 8 failed: failed to send message, status code: 400. Retrying in 10s...
2025/01/21 11:47:43 Attempt 9 failed: failed to send message, status code: 400. Retrying in 10s...
2025/01/21 11:47:53 Attempt 10 failed: failed to send message, status code: 400. Retrying in 10s...
2025/01/21 11:48:03 Attempt 11 failed: failed to send message, status code: 400. Retrying in 10s...
2025/01/21 11:48:13 Attempt 12 failed: failed to send message, status code: 400. Retrying in 10s...
2025/01/21 11:48:23 Attempt 13 failed: failed to send message, status code: 400. Retrying in 10s...
2025/01/21 11:48:34 Attempt 14 failed: failed to send message, status code: 400. Retrying in 10s...
2025/01/21 11:48:44 Attempt 15 failed: failed to send message, status code: 400. Retrying in 10s...
2025/01/21 11:48:54 Attempt 16 failed: failed to send message, status code: 400. Retrying in 10s...
2025/01/21 11:49:04 Attempt 17 failed: failed to send message, status code: 400. Retrying in 10s...
2025/01/21 11:49:14 Attempt 18 failed: failed to send message, status code: 400. Retrying in 10s...
2025/01/21 11:49:24 Attempt 19 failed: failed to send message, status code: 400. Retrying in 10s...
2025/01/21 11:49:35 Attempt 20 failed: failed to send message, status code: 400. Retrying in 10s...
2025/01/21 11:49:45 Attempt 21 failed: failed to send message, status code: 400. Retrying in 10s...
2025/01/21 11:49:52 checkHolodex started. Connecting to internet...
Ubuntu. Found 'Singing' with channel 'Isaki Riona'
Live Status: 
Upcoming Status: Starts in 8 hours (7:30 PM)

Ubuntu. Found 'Singing' with channel 'Isaki Riona'
Live Status: 
Upcoming Status: Starts in 7 hours (7:30 PM)

